!SESSION 2016-02-09 19:58:01.288 -----------------------------------------------
eclipse.buildId=unknown
java.version=1.8.0_72
java.vendor=Oracle Corporation
BootLoader constants: OS=linux, ARCH=x86_64, WS=gtk, NL=en_US
Framework arguments:  -product org.eclipse.sdk.ide
Command-line arguments:  -product org.eclipse.sdk.ide -data /home/munish/Development/GRIP_work/emf_workspace_v4.240415_DAC15/../runtime-EclipseApplication -dev file:/home/munish/Development/GRIP_work/emf_workspace_v4.240415_DAC15/.metadata/.plugins/org.eclipse.pde.core/Eclipse Application/dev.properties -os linux -ws gtk -arch x86_64 -consoleLog

!ENTRY org.eclipse.equinox.app 0 0 2016-02-09 19:58:02.911
!MESSAGE Product org.eclipse.sdk.ide could not be found.

!ENTRY org.eclipse.osgi 4 0 2016-02-09 19:58:03.372
!MESSAGE Application error
!STACK 1
java.lang.RuntimeException: No application id has been found.
	at org.eclipse.equinox.internal.app.EclipseAppContainer.startDefaultApp(EclipseAppContainer.java:242)
	at org.eclipse.equinox.internal.app.MainApplicationLauncher.run(MainApplicationLauncher.java:29)
	at org.eclipse.core.runtime.internal.adaptor.EclipseAppLauncher.runApplication(EclipseAppLauncher.java:110)
	at org.eclipse.core.runtime.internal.adaptor.EclipseAppLauncher.start(EclipseAppLauncher.java:79)
	at org.eclipse.core.runtime.adaptor.EclipseStarter.run(EclipseStarter.java:354)
	at org.eclipse.core.runtime.adaptor.EclipseStarter.run(EclipseStarter.java:181)
	at sun.reflect.NativeMethodAccessorImpl.invoke0(Native Method)
	at sun.reflect.NativeMethodAccessorImpl.invoke(NativeMethodAccessorImpl.java:62)
	at sun.reflect.DelegatingMethodAccessorImpl.invoke(DelegatingMethodAccessorImpl.java:43)
	at java.lang.reflect.Method.invoke(Method.java:498)
	at org.eclipse.equinox.launcher.Main.invokeFramework(Main.java:636)
	at org.eclipse.equinox.launcher.Main.basicRun(Main.java:591)
	at org.eclipse.equinox.launcher.Main.run(Main.java:1450)
	at org.eclipse.equinox.launcher.Main.main(Main.java:1426)
